<?xml version="1.0" encoding="UTF-8"?>
<testsuite xmlns:xsi="http://www.w3.org/2001/XMLSchema-instance" xsi:noNamespaceSchemaLocation="https://maven.apache.org/surefire/maven-surefire-plugin/xsd/surefire-test-report.xsd" name="com.nowcoder.community.MapperTest" time="2.693" tests="3" errors="0" skipped="0" failures="0">
  <properties>
    <property name="sun.desktop" value="windows"/>
    <property name="awt.toolkit" value="sun.awt.windows.WToolkit"/>
    <property name="file.encoding.pkg" value="sun.io"/>
    <property name="java.specification.version" value="1.8"/>
    <property name="sun.cpu.isalist" value="amd64"/>
    <property name="sun.jnu.encoding" value="GBK"/>
    <property name="java.class.path" value="C:\Users\叶荻风\IdeaProjects\sping\target\test-classes;C:\Users\叶荻风\IdeaProjects\sping\target\classes;D:\develop\apache-maven-3.6.1-bin\apache-maven-3.6.1\mvn_repo\org\springframework\boot\spring-boot-starter-thymeleaf\2.7.14\spring-boot-starter-thymeleaf-2.7.14.jar;D:\develop\apache-maven-3.6.1-bin\apache-maven-3.6.1\mvn_repo\org\springframework\boot\spring-boot-starter\2.7.14\spring-boot-starter-2.7.14.jar;D:\develop\apache-maven-3.6.1-bin\apache-maven-3.6.1\mvn_repo\org\springframework\boot\spring-boot-starter-logging\2.7.14\spring-boot-starter-logging-2.7.14.jar;D:\develop\apache-maven-3.6.1-bin\apache-maven-3.6.1\mvn_repo\ch\qos\logback\logback-classic\1.2.12\logback-classic-1.2.12.jar;D:\develop\apache-maven-3.6.1-bin\apache-maven-3.6.1\mvn_repo\ch\qos\logback\logback-core\1.2.12\logback-core-1.2.12.jar;D:\develop\apache-maven-3.6.1-bin\apache-maven-3.6.1\mvn_repo\org\apache\logging\log4j\log4j-to-slf4j\2.17.2\log4j-to-slf4j-2.17.2.jar;D:\develop\apache-maven-3.6.1-bin\apache-maven-3.6.1\mvn_repo\org\apache\logging\log4j\log4j-api\2.17.2\log4j-api-2.17.2.jar;D:\develop\apache-maven-3.6.1-bin\apache-maven-3.6.1\mvn_repo\org\slf4j\jul-to-slf4j\1.7.36\jul-to-slf4j-1.7.36.jar;D:\develop\apache-maven-3.6.1-bin\apache-maven-3.6.1\mvn_repo\jakarta\annotation\jakarta.annotation-api\1.3.5\jakarta.annotation-api-1.3.5.jar;D:\develop\apache-maven-3.6.1-bin\apache-maven-3.6.1\mvn_repo\org\yaml\snakeyaml\1.30\snakeyaml-1.30.jar;D:\develop\apache-maven-3.6.1-bin\apache-maven-3.6.1\mvn_repo\org\thymeleaf\thymeleaf-spring5\3.0.15.RELEASE\thymeleaf-spring5-3.0.15.RELEASE.jar;D:\develop\apache-maven-3.6.1-bin\apache-maven-3.6.1\mvn_repo\org\thymeleaf\thymeleaf\3.0.15.RELEASE\thymeleaf-3.0.15.RELEASE.jar;D:\develop\apache-maven-3.6.1-bin\apache-maven-3.6.1\mvn_repo\org\attoparser\attoparser\2.0.5.RELEASE\attoparser-2.0.5.RELEASE.jar;D:\develop\apache-maven-3.6.1-bin\apache-maven-3.6.1\mvn_repo\org\unbescape\unbescape\1.1.6.RELEASE\unbescape-1.1.6.RELEASE.jar;D:\develop\apache-maven-3.6.1-bin\apache-maven-3.6.1\mvn_repo\org\slf4j\slf4j-api\1.7.36\slf4j-api-1.7.36.jar;D:\develop\apache-maven-3.6.1-bin\apache-maven-3.6.1\mvn_repo\org\thymeleaf\extras\thymeleaf-extras-java8time\3.0.4.RELEASE\thymeleaf-extras-java8time-3.0.4.RELEASE.jar;D:\develop\apache-maven-3.6.1-bin\apache-maven-3.6.1\mvn_repo\org\springframework\boot\spring-boot-starter-web\2.7.14\spring-boot-starter-web-2.7.14.jar;D:\develop\apache-maven-3.6.1-bin\apache-maven-3.6.1\mvn_repo\org\springframework\boot\spring-boot-starter-json\2.7.14\spring-boot-starter-json-2.7.14.jar;D:\develop\apache-maven-3.6.1-bin\apache-maven-3.6.1\mvn_repo\com\fasterxml\jackson\core\jackson-databind\2.13.5\jackson-databind-2.13.5.jar;D:\develop\apache-maven-3.6.1-bin\apache-maven-3.6.1\mvn_repo\com\fasterxml\jackson\core\jackson-annotations\2.13.5\jackson-annotations-2.13.5.jar;D:\develop\apache-maven-3.6.1-bin\apache-maven-3.6.1\mvn_repo\com\fasterxml\jackson\core\jackson-core\2.13.5\jackson-core-2.13.5.jar;D:\develop\apache-maven-3.6.1-bin\apache-maven-3.6.1\mvn_repo\com\fasterxml\jackson\datatype\jackson-datatype-jdk8\2.13.5\jackson-datatype-jdk8-2.13.5.jar;D:\develop\apache-maven-3.6.1-bin\apache-maven-3.6.1\mvn_repo\com\fasterxml\jackson\datatype\jackson-datatype-jsr310\2.13.5\jackson-datatype-jsr310-2.13.5.jar;D:\develop\apache-maven-3.6.1-bin\apache-maven-3.6.1\mvn_repo\com\fasterxml\jackson\module\jackson-module-parameter-names\2.13.5\jackson-module-parameter-names-2.13.5.jar;D:\develop\apache-maven-3.6.1-bin\apache-maven-3.6.1\mvn_repo\org\springframework\boot\spring-boot-starter-tomcat\2.7.14\spring-boot-starter-tomcat-2.7.14.jar;D:\develop\apache-maven-3.6.1-bin\apache-maven-3.6.1\mvn_repo\org\apache\tomcat\embed\tomcat-embed-core\9.0.78\tomcat-embed-core-9.0.78.jar;D:\develop\apache-maven-3.6.1-bin\apache-maven-3.6.1\mvn_repo\org\apache\tomcat\embed\tomcat-embed-el\9.0.78\tomcat-embed-el-9.0.78.jar;D:\develop\apache-maven-3.6.1-bin\apache-maven-3.6.1\mvn_repo\org\apache\tomcat\embed\tomcat-embed-websocket\9.0.78\tomcat-embed-websocket-9.0.78.jar;D:\develop\apache-maven-3.6.1-bin\apache-maven-3.6.1\mvn_repo\org\springframework\spring-web\5.3.29\spring-web-5.3.29.jar;D:\develop\apache-maven-3.6.1-bin\apache-maven-3.6.1\mvn_repo\org\springframework\spring-beans\5.3.29\spring-beans-5.3.29.jar;D:\develop\apache-maven-3.6.1-bin\apache-maven-3.6.1\mvn_repo\org\springframework\spring-webmvc\5.3.29\spring-webmvc-5.3.29.jar;D:\develop\apache-maven-3.6.1-bin\apache-maven-3.6.1\mvn_repo\org\springframework\spring-aop\5.3.29\spring-aop-5.3.29.jar;D:\develop\apache-maven-3.6.1-bin\apache-maven-3.6.1\mvn_repo\org\springframework\spring-context\5.3.29\spring-context-5.3.29.jar;D:\develop\apache-maven-3.6.1-bin\apache-maven-3.6.1\mvn_repo\org\springframework\spring-expression\5.3.29\spring-expression-5.3.29.jar;D:\develop\apache-maven-3.6.1-bin\apache-maven-3.6.1\mvn_repo\org\springframework\boot\spring-boot-devtools\2.7.14\spring-boot-devtools-2.7.14.jar;D:\develop\apache-maven-3.6.1-bin\apache-maven-3.6.1\mvn_repo\org\springframework\boot\spring-boot\2.7.14\spring-boot-2.7.14.jar;D:\develop\apache-maven-3.6.1-bin\apache-maven-3.6.1\mvn_repo\org\springframework\boot\spring-boot-autoconfigure\2.7.14\spring-boot-autoconfigure-2.7.14.jar;D:\develop\apache-maven-3.6.1-bin\apache-maven-3.6.1\mvn_repo\org\springframework\boot\spring-boot-starter-test\2.7.14\spring-boot-starter-test-2.7.14.jar;D:\develop\apache-maven-3.6.1-bin\apache-maven-3.6.1\mvn_repo\org\springframework\boot\spring-boot-test\2.7.14\spring-boot-test-2.7.14.jar;D:\develop\apache-maven-3.6.1-bin\apache-maven-3.6.1\mvn_repo\org\springframework\boot\spring-boot-test-autoconfigure\2.7.14\spring-boot-test-autoconfigure-2.7.14.jar;D:\develop\apache-maven-3.6.1-bin\apache-maven-3.6.1\mvn_repo\com\jayway\jsonpath\json-path\2.7.0\json-path-2.7.0.jar;D:\develop\apache-maven-3.6.1-bin\apache-maven-3.6.1\mvn_repo\net\minidev\json-smart\2.4.11\json-smart-2.4.11.jar;D:\develop\apache-maven-3.6.1-bin\apache-maven-3.6.1\mvn_repo\net\minidev\accessors-smart\2.4.11\accessors-smart-2.4.11.jar;D:\develop\apache-maven-3.6.1-bin\apache-maven-3.6.1\mvn_repo\org\ow2\asm\asm\9.3\asm-9.3.jar;D:\develop\apache-maven-3.6.1-bin\apache-maven-3.6.1\mvn_repo\jakarta\xml\bind\jakarta.xml.bind-api\2.3.3\jakarta.xml.bind-api-2.3.3.jar;D:\develop\apache-maven-3.6.1-bin\apache-maven-3.6.1\mvn_repo\jakarta\activation\jakarta.activation-api\1.2.2\jakarta.activation-api-1.2.2.jar;D:\develop\apache-maven-3.6.1-bin\apache-maven-3.6.1\mvn_repo\org\assertj\assertj-core\3.22.0\assertj-core-3.22.0.jar;D:\develop\apache-maven-3.6.1-bin\apache-maven-3.6.1\mvn_repo\org\hamcrest\hamcrest\2.2\hamcrest-2.2.jar;D:\develop\apache-maven-3.6.1-bin\apache-maven-3.6.1\mvn_repo\org\junit\jupiter\junit-jupiter\5.8.2\junit-jupiter-5.8.2.jar;D:\develop\apache-maven-3.6.1-bin\apache-maven-3.6.1\mvn_repo\org\junit\jupiter\junit-jupiter-api\5.8.2\junit-jupiter-api-5.8.2.jar;D:\develop\apache-maven-3.6.1-bin\apache-maven-3.6.1\mvn_repo\org\opentest4j\opentest4j\1.2.0\opentest4j-1.2.0.jar;D:\develop\apache-maven-3.6.1-bin\apache-maven-3.6.1\mvn_repo\org\junit\platform\junit-platform-commons\1.8.2\junit-platform-commons-1.8.2.jar;D:\develop\apache-maven-3.6.1-bin\apache-maven-3.6.1\mvn_repo\org\apiguardian\apiguardian-api\1.1.2\apiguardian-api-1.1.2.jar;D:\develop\apache-maven-3.6.1-bin\apache-maven-3.6.1\mvn_repo\org\junit\jupiter\junit-jupiter-params\5.8.2\junit-jupiter-params-5.8.2.jar;D:\develop\apache-maven-3.6.1-bin\apache-maven-3.6.1\mvn_repo\org\junit\jupiter\junit-jupiter-engine\5.8.2\junit-jupiter-engine-5.8.2.jar;D:\develop\apache-maven-3.6.1-bin\apache-maven-3.6.1\mvn_repo\org\junit\platform\junit-platform-engine\1.8.2\junit-platform-engine-1.8.2.jar;D:\develop\apache-maven-3.6.1-bin\apache-maven-3.6.1\mvn_repo\org\mockito\mockito-core\4.5.1\mockito-core-4.5.1.jar;D:\develop\apache-maven-3.6.1-bin\apache-maven-3.6.1\mvn_repo\net\bytebuddy\byte-buddy\1.12.23\byte-buddy-1.12.23.jar;D:\develop\apache-maven-3.6.1-bin\apache-maven-3.6.1\mvn_repo\net\bytebuddy\byte-buddy-agent\1.12.23\byte-buddy-agent-1.12.23.jar;D:\develop\apache-maven-3.6.1-bin\apache-maven-3.6.1\mvn_repo\org\objenesis\objenesis\3.2\objenesis-3.2.jar;D:\develop\apache-maven-3.6.1-bin\apache-maven-3.6.1\mvn_repo\org\mockito\mockito-junit-jupiter\4.5.1\mockito-junit-jupiter-4.5.1.jar;D:\develop\apache-maven-3.6.1-bin\apache-maven-3.6.1\mvn_repo\org\skyscreamer\jsonassert\1.5.1\jsonassert-1.5.1.jar;D:\develop\apache-maven-3.6.1-bin\apache-maven-3.6.1\mvn_repo\com\vaadin\external\google\android-json\0.0.20131108.vaadin1\android-json-0.0.20131108.vaadin1.jar;D:\develop\apache-maven-3.6.1-bin\apache-maven-3.6.1\mvn_repo\org\springframework\spring-core\5.3.29\spring-core-5.3.29.jar;D:\develop\apache-maven-3.6.1-bin\apache-maven-3.6.1\mvn_repo\org\springframework\spring-jcl\5.3.29\spring-jcl-5.3.29.jar;D:\develop\apache-maven-3.6.1-bin\apache-maven-3.6.1\mvn_repo\org\springframework\spring-test\5.3.29\spring-test-5.3.29.jar;D:\develop\apache-maven-3.6.1-bin\apache-maven-3.6.1\mvn_repo\org\xmlunit\xmlunit-core\2.9.1\xmlunit-core-2.9.1.jar;D:\develop\apache-maven-3.6.1-bin\apache-maven-3.6.1\mvn_repo\mysql\mysql-connector-java\8.0.16\mysql-connector-java-8.0.16.jar;D:\develop\apache-maven-3.6.1-bin\apache-maven-3.6.1\mvn_repo\com\google\protobuf\protobuf-java\3.6.1\protobuf-java-3.6.1.jar;D:\develop\apache-maven-3.6.1-bin\apache-maven-3.6.1\mvn_repo\org\mybatis\spring\boot\mybatis-spring-boot-starter\2.1.0\mybatis-spring-boot-starter-2.1.0.jar;D:\develop\apache-maven-3.6.1-bin\apache-maven-3.6.1\mvn_repo\org\springframework\boot\spring-boot-starter-jdbc\2.7.14\spring-boot-starter-jdbc-2.7.14.jar;D:\develop\apache-maven-3.6.1-bin\apache-maven-3.6.1\mvn_repo\com\zaxxer\HikariCP\4.0.3\HikariCP-4.0.3.jar;D:\develop\apache-maven-3.6.1-bin\apache-maven-3.6.1\mvn_repo\org\springframework\spring-jdbc\5.3.29\spring-jdbc-5.3.29.jar;D:\develop\apache-maven-3.6.1-bin\apache-maven-3.6.1\mvn_repo\org\springframework\spring-tx\5.3.29\spring-tx-5.3.29.jar;D:\develop\apache-maven-3.6.1-bin\apache-maven-3.6.1\mvn_repo\org\mybatis\spring\boot\mybatis-spring-boot-autoconfigure\2.1.0\mybatis-spring-boot-autoconfigure-2.1.0.jar;D:\develop\apache-maven-3.6.1-bin\apache-maven-3.6.1\mvn_repo\org\mybatis\mybatis\3.5.2\mybatis-3.5.2.jar;D:\develop\apache-maven-3.6.1-bin\apache-maven-3.6.1\mvn_repo\org\mybatis\mybatis-spring\2.0.2\mybatis-spring-2.0.2.jar;D:\develop\apache-maven-3.6.1-bin\apache-maven-3.6.1\mvn_repo\org\projectlombok\lombok\1.18.28\lombok-1.18.28.jar;"/>
    <property name="java.vm.vendor" value="Oracle Corporation"/>
    <property name="sun.arch.data.model" value="64"/>
    <property name="user.variant" value=""/>
    <property name="java.vendor.url" value="http://java.oracle.com/"/>
    <property name="user.timezone" value="Asia/Shanghai"/>
    <property name="java.vm.specification.version" value="1.8"/>
    <property name="os.name" value="Windows 10"/>
    <property name="user.country" value="CN"/>
    <property name="sun.java.launcher" value="SUN_STANDARD"/>
    <property name="sun.boot.library.path" value="C:\Program Files\Java\jdk1.8.0_201\jre\bin"/>
    <property name="sun.java.command" value="C:\Users\叶荻风\AppData\Local\Temp\surefire4196854105260729300\surefirebooter4172758745706656924.jar C:\Users\叶荻风\AppData\Local\Temp\surefire4196854105260729300 2023-08-02T22-48-14_012-jvmRun1 surefire7861433953321764010tmp surefire_0957292730072857355tmp"/>
    <property name="surefire.test.class.path" value="C:\Users\叶荻风\IdeaProjects\sping\target\test-classes;C:\Users\叶荻风\IdeaProjects\sping\target\classes;D:\develop\apache-maven-3.6.1-bin\apache-maven-3.6.1\mvn_repo\org\springframework\boot\spring-boot-starter-thymeleaf\2.7.14\spring-boot-starter-thymeleaf-2.7.14.jar;D:\develop\apache-maven-3.6.1-bin\apache-maven-3.6.1\mvn_repo\org\springframework\boot\spring-boot-starter\2.7.14\spring-boot-starter-2.7.14.jar;D:\develop\apache-maven-3.6.1-bin\apache-maven-3.6.1\mvn_repo\org\springframework\boot\spring-boot-starter-logging\2.7.14\spring-boot-starter-logging-2.7.14.jar;D:\develop\apache-maven-3.6.1-bin\apache-maven-3.6.1\mvn_repo\ch\qos\logback\logback-classic\1.2.12\logback-classic-1.2.12.jar;D:\develop\apache-maven-3.6.1-bin\apache-maven-3.6.1\mvn_repo\ch\qos\logback\logback-core\1.2.12\logback-core-1.2.12.jar;D:\develop\apache-maven-3.6.1-bin\apache-maven-3.6.1\mvn_repo\org\apache\logging\log4j\log4j-to-slf4j\2.17.2\log4j-to-slf4j-2.17.2.jar;D:\develop\apache-maven-3.6.1-bin\apache-maven-3.6.1\mvn_repo\org\apache\logging\log4j\log4j-api\2.17.2\log4j-api-2.17.2.jar;D:\develop\apache-maven-3.6.1-bin\apache-maven-3.6.1\mvn_repo\org\slf4j\jul-to-slf4j\1.7.36\jul-to-slf4j-1.7.36.jar;D:\develop\apache-maven-3.6.1-bin\apache-maven-3.6.1\mvn_repo\jakarta\annotation\jakarta.annotation-api\1.3.5\jakarta.annotation-api-1.3.5.jar;D:\develop\apache-maven-3.6.1-bin\apache-maven-3.6.1\mvn_repo\org\yaml\snakeyaml\1.30\snakeyaml-1.30.jar;D:\develop\apache-maven-3.6.1-bin\apache-maven-3.6.1\mvn_repo\org\thymeleaf\thymeleaf-spring5\3.0.15.RELEASE\thymeleaf-spring5-3.0.15.RELEASE.jar;D:\develop\apache-maven-3.6.1-bin\apache-maven-3.6.1\mvn_repo\org\thymeleaf\thymeleaf\3.0.15.RELEASE\thymeleaf-3.0.15.RELEASE.jar;D:\develop\apache-maven-3.6.1-bin\apache-maven-3.6.1\mvn_repo\org\attoparser\attoparser\2.0.5.RELEASE\attoparser-2.0.5.RELEASE.jar;D:\develop\apache-maven-3.6.1-bin\apache-maven-3.6.1\mvn_repo\org\unbescape\unbescape\1.1.6.RELEASE\unbescape-1.1.6.RELEASE.jar;D:\develop\apache-maven-3.6.1-bin\apache-maven-3.6.1\mvn_repo\org\slf4j\slf4j-api\1.7.36\slf4j-api-1.7.36.jar;D:\develop\apache-maven-3.6.1-bin\apache-maven-3.6.1\mvn_repo\org\thymeleaf\extras\thymeleaf-extras-java8time\3.0.4.RELEASE\thymeleaf-extras-java8time-3.0.4.RELEASE.jar;D:\develop\apache-maven-3.6.1-bin\apache-maven-3.6.1\mvn_repo\org\springframework\boot\spring-boot-starter-web\2.7.14\spring-boot-starter-web-2.7.14.jar;D:\develop\apache-maven-3.6.1-bin\apache-maven-3.6.1\mvn_repo\org\springframework\boot\spring-boot-starter-json\2.7.14\spring-boot-starter-json-2.7.14.jar;D:\develop\apache-maven-3.6.1-bin\apache-maven-3.6.1\mvn_repo\com\fasterxml\jackson\core\jackson-databind\2.13.5\jackson-databind-2.13.5.jar;D:\develop\apache-maven-3.6.1-bin\apache-maven-3.6.1\mvn_repo\com\fasterxml\jackson\core\jackson-annotations\2.13.5\jackson-annotations-2.13.5.jar;D:\develop\apache-maven-3.6.1-bin\apache-maven-3.6.1\mvn_repo\com\fasterxml\jackson\core\jackson-core\2.13.5\jackson-core-2.13.5.jar;D:\develop\apache-maven-3.6.1-bin\apache-maven-3.6.1\mvn_repo\com\fasterxml\jackson\datatype\jackson-datatype-jdk8\2.13.5\jackson-datatype-jdk8-2.13.5.jar;D:\develop\apache-maven-3.6.1-bin\apache-maven-3.6.1\mvn_repo\com\fasterxml\jackson\datatype\jackson-datatype-jsr310\2.13.5\jackson-datatype-jsr310-2.13.5.jar;D:\develop\apache-maven-3.6.1-bin\apache-maven-3.6.1\mvn_repo\com\fasterxml\jackson\module\jackson-module-parameter-names\2.13.5\jackson-module-parameter-names-2.13.5.jar;D:\develop\apache-maven-3.6.1-bin\apache-maven-3.6.1\mvn_repo\org\springframework\boot\spring-boot-starter-tomcat\2.7.14\spring-boot-starter-tomcat-2.7.14.jar;D:\develop\apache-maven-3.6.1-bin\apache-maven-3.6.1\mvn_repo\org\apache\tomcat\embed\tomcat-embed-core\9.0.78\tomcat-embed-core-9.0.78.jar;D:\develop\apache-maven-3.6.1-bin\apache-maven-3.6.1\mvn_repo\org\apache\tomcat\embed\tomcat-embed-el\9.0.78\tomcat-embed-el-9.0.78.jar;D:\develop\apache-maven-3.6.1-bin\apache-maven-3.6.1\mvn_repo\org\apache\tomcat\embed\tomcat-embed-websocket\9.0.78\tomcat-embed-websocket-9.0.78.jar;D:\develop\apache-maven-3.6.1-bin\apache-maven-3.6.1\mvn_repo\org\springframework\spring-web\5.3.29\spring-web-5.3.29.jar;D:\develop\apache-maven-3.6.1-bin\apache-maven-3.6.1\mvn_repo\org\springframework\spring-beans\5.3.29\spring-beans-5.3.29.jar;D:\develop\apache-maven-3.6.1-bin\apache-maven-3.6.1\mvn_repo\org\springframework\spring-webmvc\5.3.29\spring-webmvc-5.3.29.jar;D:\develop\apache-maven-3.6.1-bin\apache-maven-3.6.1\mvn_repo\org\springframework\spring-aop\5.3.29\spring-aop-5.3.29.jar;D:\develop\apache-maven-3.6.1-bin\apache-maven-3.6.1\mvn_repo\org\springframework\spring-context\5.3.29\spring-context-5.3.29.jar;D:\develop\apache-maven-3.6.1-bin\apache-maven-3.6.1\mvn_repo\org\springframework\spring-expression\5.3.29\spring-expression-5.3.29.jar;D:\develop\apache-maven-3.6.1-bin\apache-maven-3.6.1\mvn_repo\org\springframework\boot\spring-boot-devtools\2.7.14\spring-boot-devtools-2.7.14.jar;D:\develop\apache-maven-3.6.1-bin\apache-maven-3.6.1\mvn_repo\org\springframework\boot\spring-boot\2.7.14\spring-boot-2.7.14.jar;D:\develop\apache-maven-3.6.1-bin\apache-maven-3.6.1\mvn_repo\org\springframework\boot\spring-boot-autoconfigure\2.7.14\spring-boot-autoconfigure-2.7.14.jar;D:\develop\apache-maven-3.6.1-bin\apache-maven-3.6.1\mvn_repo\org\springframework\boot\spring-boot-starter-test\2.7.14\spring-boot-starter-test-2.7.14.jar;D:\develop\apache-maven-3.6.1-bin\apache-maven-3.6.1\mvn_repo\org\springframework\boot\spring-boot-test\2.7.14\spring-boot-test-2.7.14.jar;D:\develop\apache-maven-3.6.1-bin\apache-maven-3.6.1\mvn_repo\org\springframework\boot\spring-boot-test-autoconfigure\2.7.14\spring-boot-test-autoconfigure-2.7.14.jar;D:\develop\apache-maven-3.6.1-bin\apache-maven-3.6.1\mvn_repo\com\jayway\jsonpath\json-path\2.7.0\json-path-2.7.0.jar;D:\develop\apache-maven-3.6.1-bin\apache-maven-3.6.1\mvn_repo\net\minidev\json-smart\2.4.11\json-smart-2.4.11.jar;D:\develop\apache-maven-3.6.1-bin\apache-maven-3.6.1\mvn_repo\net\minidev\accessors-smart\2.4.11\accessors-smart-2.4.11.jar;D:\develop\apache-maven-3.6.1-bin\apache-maven-3.6.1\mvn_repo\org\ow2\asm\asm\9.3\asm-9.3.jar;D:\develop\apache-maven-3.6.1-bin\apache-maven-3.6.1\mvn_repo\jakarta\xml\bind\jakarta.xml.bind-api\2.3.3\jakarta.xml.bind-api-2.3.3.jar;D:\develop\apache-maven-3.6.1-bin\apache-maven-3.6.1\mvn_repo\jakarta\activation\jakarta.activation-api\1.2.2\jakarta.activation-api-1.2.2.jar;D:\develop\apache-maven-3.6.1-bin\apache-maven-3.6.1\mvn_repo\org\assertj\assertj-core\3.22.0\assertj-core-3.22.0.jar;D:\develop\apache-maven-3.6.1-bin\apache-maven-3.6.1\mvn_repo\org\hamcrest\hamcrest\2.2\hamcrest-2.2.jar;D:\develop\apache-maven-3.6.1-bin\apache-maven-3.6.1\mvn_repo\org\junit\jupiter\junit-jupiter\5.8.2\junit-jupiter-5.8.2.jar;D:\develop\apache-maven-3.6.1-bin\apache-maven-3.6.1\mvn_repo\org\junit\jupiter\junit-jupiter-api\5.8.2\junit-jupiter-api-5.8.2.jar;D:\develop\apache-maven-3.6.1-bin\apache-maven-3.6.1\mvn_repo\org\opentest4j\opentest4j\1.2.0\opentest4j-1.2.0.jar;D:\develop\apache-maven-3.6.1-bin\apache-maven-3.6.1\mvn_repo\org\junit\platform\junit-platform-commons\1.8.2\junit-platform-commons-1.8.2.jar;D:\develop\apache-maven-3.6.1-bin\apache-maven-3.6.1\mvn_repo\org\apiguardian\apiguardian-api\1.1.2\apiguardian-api-1.1.2.jar;D:\develop\apache-maven-3.6.1-bin\apache-maven-3.6.1\mvn_repo\org\junit\jupiter\junit-jupiter-params\5.8.2\junit-jupiter-params-5.8.2.jar;D:\develop\apache-maven-3.6.1-bin\apache-maven-3.6.1\mvn_repo\org\junit\jupiter\junit-jupiter-engine\5.8.2\junit-jupiter-engine-5.8.2.jar;D:\develop\apache-maven-3.6.1-bin\apache-maven-3.6.1\mvn_repo\org\junit\platform\junit-platform-engine\1.8.2\junit-platform-engine-1.8.2.jar;D:\develop\apache-maven-3.6.1-bin\apache-maven-3.6.1\mvn_repo\org\mockito\mockito-core\4.5.1\mockito-core-4.5.1.jar;D:\develop\apache-maven-3.6.1-bin\apache-maven-3.6.1\mvn_repo\net\bytebuddy\byte-buddy\1.12.23\byte-buddy-1.12.23.jar;D:\develop\apache-maven-3.6.1-bin\apache-maven-3.6.1\mvn_repo\net\bytebuddy\byte-buddy-agent\1.12.23\byte-buddy-agent-1.12.23.jar;D:\develop\apache-maven-3.6.1-bin\apache-maven-3.6.1\mvn_repo\org\objenesis\objenesis\3.2\objenesis-3.2.jar;D:\develop\apache-maven-3.6.1-bin\apache-maven-3.6.1\mvn_repo\org\mockito\mockito-junit-jupiter\4.5.1\mockito-junit-jupiter-4.5.1.jar;D:\develop\apache-maven-3.6.1-bin\apache-maven-3.6.1\mvn_repo\org\skyscreamer\jsonassert\1.5.1\jsonassert-1.5.1.jar;D:\develop\apache-maven-3.6.1-bin\apache-maven-3.6.1\mvn_repo\com\vaadin\external\google\android-json\0.0.20131108.vaadin1\android-json-0.0.20131108.vaadin1.jar;D:\develop\apache-maven-3.6.1-bin\apache-maven-3.6.1\mvn_repo\org\springframework\spring-core\5.3.29\spring-core-5.3.29.jar;D:\develop\apache-maven-3.6.1-bin\apache-maven-3.6.1\mvn_repo\org\springframework\spring-jcl\5.3.29\spring-jcl-5.3.29.jar;D:\develop\apache-maven-3.6.1-bin\apache-maven-3.6.1\mvn_repo\org\springframework\spring-test\5.3.29\spring-test-5.3.29.jar;D:\develop\apache-maven-3.6.1-bin\apache-maven-3.6.1\mvn_repo\org\xmlunit\xmlunit-core\2.9.1\xmlunit-core-2.9.1.jar;D:\develop\apache-maven-3.6.1-bin\apache-maven-3.6.1\mvn_repo\mysql\mysql-connector-java\8.0.16\mysql-connector-java-8.0.16.jar;D:\develop\apache-maven-3.6.1-bin\apache-maven-3.6.1\mvn_repo\com\google\protobuf\protobuf-java\3.6.1\protobuf-java-3.6.1.jar;D:\develop\apache-maven-3.6.1-bin\apache-maven-3.6.1\mvn_repo\org\mybatis\spring\boot\mybatis-spring-boot-starter\2.1.0\mybatis-spring-boot-starter-2.1.0.jar;D:\develop\apache-maven-3.6.1-bin\apache-maven-3.6.1\mvn_repo\org\springframework\boot\spring-boot-starter-jdbc\2.7.14\spring-boot-starter-jdbc-2.7.14.jar;D:\develop\apache-maven-3.6.1-bin\apache-maven-3.6.1\mvn_repo\com\zaxxer\HikariCP\4.0.3\HikariCP-4.0.3.jar;D:\develop\apache-maven-3.6.1-bin\apache-maven-3.6.1\mvn_repo\org\springframework\spring-jdbc\5.3.29\spring-jdbc-5.3.29.jar;D:\develop\apache-maven-3.6.1-bin\apache-maven-3.6.1\mvn_repo\org\springframework\spring-tx\5.3.29\spring-tx-5.3.29.jar;D:\develop\apache-maven-3.6.1-bin\apache-maven-3.6.1\mvn_repo\org\mybatis\spring\boot\mybatis-spring-boot-autoconfigure\2.1.0\mybatis-spring-boot-autoconfigure-2.1.0.jar;D:\develop\apache-maven-3.6.1-bin\apache-maven-3.6.1\mvn_repo\org\mybatis\mybatis\3.5.2\mybatis-3.5.2.jar;D:\develop\apache-maven-3.6.1-bin\apache-maven-3.6.1\mvn_repo\org\mybatis\mybatis-spring\2.0.2\mybatis-spring-2.0.2.jar;D:\develop\apache-maven-3.6.1-bin\apache-maven-3.6.1\mvn_repo\org\projectlombok\lombok\1.18.28\lombok-1.18.28.jar;"/>
    <property name="sun.cpu.endian" value="little"/>
    <property name="user.home" value="C:\Users\叶荻风"/>
    <property name="user.language" value="zh"/>
    <property name="java.specification.vendor" value="Oracle Corporation"/>
    <property name="java.home" value="C:\Program Files\Java\jdk1.8.0_201\jre"/>
    <property name="basedir" value="C:\Users\叶荻风\IdeaProjects\sping"/>
    <property name="file.separator" value="\"/>
    <property name="line.separator" value="&#10;"/>
    <property name="java.vm.specification.vendor" value="Oracle Corporation"/>
    <property name="java.specification.name" value="Java Platform API Specification"/>
    <property name="java.awt.graphicsenv" value="sun.awt.Win32GraphicsEnvironment"/>
    <property name="surefire.real.class.path" value="C:\Users\叶荻风\AppData\Local\Temp\surefire4196854105260729300\surefirebooter4172758745706656924.jar"/>
    <property name="sun.boot.class.path" value="C:\Program Files\Java\jdk1.8.0_201\jre\lib\resources.jar;C:\Program Files\Java\jdk1.8.0_201\jre\lib\rt.jar;C:\Program Files\Java\jdk1.8.0_201\jre\lib\sunrsasign.jar;C:\Program Files\Java\jdk1.8.0_201\jre\lib\jsse.jar;C:\Program Files\Java\jdk1.8.0_201\jre\lib\jce.jar;C:\Program Files\Java\jdk1.8.0_201\jre\lib\charsets.jar;C:\Program Files\Java\jdk1.8.0_201\jre\lib\jfr.jar;C:\Program Files\Java\jdk1.8.0_201\jre\classes"/>
    <property name="user.script" value=""/>
    <property name="sun.management.compiler" value="HotSpot 64-Bit Tiered Compilers"/>
    <property name="java.runtime.version" value="1.8.0_201-b09"/>
    <property name="user.name" value="叶荻风"/>
    <property name="path.separator" value=";"/>
    <property name="os.version" value="10.0"/>
    <property name="java.endorsed.dirs" value="C:\Program Files\Java\jdk1.8.0_201\jre\lib\endorsed"/>
    <property name="java.runtime.name" value="Java(TM) SE Runtime Environment"/>
    <property name="file.encoding" value="GBK"/>
    <property name="java.vm.name" value="Java HotSpot(TM) 64-Bit Server VM"/>
    <property name="localRepository" value="D:\develop\apache-maven-3.6.1-bin\apache-maven-3.6.1\mvn_repo"/>
    <property name="java.vendor.url.bug" value="http://bugreport.sun.com/bugreport/"/>
    <property name="java.io.tmpdir" value="C:\Users\叶荻风\AppData\Local\Temp\"/>
    <property name="idea.version" value="2023.2"/>
    <property name="java.version" value="1.8.0_201"/>
    <property name="user.dir" value="C:\Users\叶荻风\IdeaProjects\sping"/>
    <property name="os.arch" value="amd64"/>
    <property name="java.vm.specification.name" value="Java Virtual Machine Specification"/>
    <property name="java.awt.printerjob" value="sun.awt.windows.WPrinterJob"/>
    <property name="sun.os.patch.level" value=""/>
    <property name="java.library.path" value="C:\Program Files\Java\jdk1.8.0_201\jre\bin;C:\WINDOWS\Sun\Java\bin;C:\WINDOWS\system32;C:\WINDOWS;C:\Program Files (x86)\Common Files\Oracle\Java\javapath;D:\bin\;C:\WINDOWS\system32;C:\WINDOWS;C:\WINDOWS\System32\Wbem;C:\WINDOWS\System32\WindowsPowerShell\v1.0\;C:\WINDOWS\System32\OpenSSH\;C:\Users\Administrator\AppData\Local\Microsoft\WindowsApps;C:\Recovery\OEM\Backup\;C:\Program Files (x86)\NVIDIA Corporation\PhysX\Common;C:\Program Files\NVIDIA Corporation\NVIDIA NvDLISR;C:\Recovery\OEM\Backup\;C:\Program Files\nodejs\;C:\Program Files\Git\cmd;D:\develop\apache-maven-3.6.1-bin\apache-maven-3.6.1\bin;C:\Program Files\Java\jdk-11.0.15.1\bin;C:\Program Files\MySQL\mysql-5.7.42-winx64\bin;C:\Program Files\MySQL\MySQL Shell 8.0\bin\;C:\Users\叶荻风\AppData\Local\Microsoft\WindowsApps;;C:\Program Files\JetBrains\IntelliJ IDEA Community Edition 2023.1.1\bin;;D:\Users\叶荻风\AppData\Local\Programs\Microsoft VS Code\bin;C:\Users\叶荻风\AppData\Roaming\npm;D:\Program Files\JetBrains\IntelliJ IDEA 2023.2\bin;;."/>
    <property name="java.vm.info" value="mixed mode"/>
    <property name="java.vendor" value="Oracle Corporation"/>
    <property name="java.vm.version" value="25.201-b09"/>
    <property name="java.ext.dirs" value="C:\Program Files\Java\jdk1.8.0_201\jre\lib\ext;C:\WINDOWS\Sun\Java\lib\ext"/>
    <property name="sun.io.unicode.encoding" value="UnicodeLittle"/>
    <property name="java.class.version" value="52.0"/>
  </properties>
  <testcase name="updateUser" classname="com.nowcoder.community.MapperTest" time="0.372"/>
  <testcase name="testInsertUser" classname="com.nowcoder.community.MapperTest" time="0.013"/>
  <testcase name="testSelectUser" classname="com.nowcoder.community.MapperTest" time="0.013"/>
</testsuite>